TimeQuest Timing Analyzer report for ft232h_simple
Fri Nov 25 23:31:27 2016
Quartus Prime Version 15.1.0 Build 185 10/21/2015 SJ Standard Edition


---------------------
; Table of Contents ;
---------------------
  1. Legal Notice
  2. TimeQuest Timing Analyzer Summary
  3. Parallel Compilation
  4. SDC File List
  5. Clocks
  6. Slow 1100mV 85C Model Fmax Summary
  7. Timing Closure Recommendations
  8. Slow 1100mV 85C Model Setup Summary
  9. Slow 1100mV 85C Model Hold Summary
 10. Slow 1100mV 85C Model Recovery Summary
 11. Slow 1100mV 85C Model Removal Summary
 12. Slow 1100mV 85C Model Minimum Pulse Width Summary
 13. Slow 1100mV 85C Model Metastability Summary
 14. Slow 1100mV 0C Model Fmax Summary
 15. Slow 1100mV 0C Model Setup Summary
 16. Slow 1100mV 0C Model Hold Summary
 17. Slow 1100mV 0C Model Recovery Summary
 18. Slow 1100mV 0C Model Removal Summary
 19. Slow 1100mV 0C Model Minimum Pulse Width Summary
 20. Slow 1100mV 0C Model Metastability Summary
 21. Fast 1100mV 85C Model Setup Summary
 22. Fast 1100mV 85C Model Hold Summary
 23. Fast 1100mV 85C Model Recovery Summary
 24. Fast 1100mV 85C Model Removal Summary
 25. Fast 1100mV 85C Model Minimum Pulse Width Summary
 26. Fast 1100mV 85C Model Metastability Summary
 27. Fast 1100mV 0C Model Setup Summary
 28. Fast 1100mV 0C Model Hold Summary
 29. Fast 1100mV 0C Model Recovery Summary
 30. Fast 1100mV 0C Model Removal Summary
 31. Fast 1100mV 0C Model Minimum Pulse Width Summary
 32. Fast 1100mV 0C Model Metastability Summary
 33. Multicorner Timing Analysis Summary
 34. Board Trace Model Assignments
 35. Input Transition Times
 36. Signal Integrity Metrics (Slow 1100mv 0c Model)
 37. Signal Integrity Metrics (Slow 1100mv 85c Model)
 38. Signal Integrity Metrics (Fast 1100mv 0c Model)
 39. Signal Integrity Metrics (Fast 1100mv 85c Model)
 40. Setup Transfers
 41. Hold Transfers
 42. Report TCCS
 43. Report RSKM
 44. Unconstrained Paths Summary
 45. Clock Status Summary
 46. Unconstrained Input Ports
 47. Unconstrained Input Ports
 48. TimeQuest Timing Analyzer Messages



----------------
; Legal Notice ;
----------------
Copyright (C) 1991-2015 Altera Corporation. All rights reserved.
Your use of Altera Corporation's design tools, logic functions 
and other software and tools, and its AMPP partner logic 
functions, and any output files from any of the foregoing 
(including device programming or simulation files), and any 
associated documentation or information are expressly subject 
to the terms and conditions of the Altera Program License 
Subscription Agreement, the Altera Quartus Prime License Agreement,
the Altera MegaCore Function License Agreement, or other 
applicable license agreement, including, without limitation, 
that your use is for the sole purpose of programming logic 
devices manufactured by Altera and sold by Altera or its 
authorized distributors.  Please refer to the applicable 
agreement for further details.



+---------------------------------------------------------------------------------+
; TimeQuest Timing Analyzer Summary                                               ;
+-----------------------+---------------------------------------------------------+
; Quartus Prime Version ; Version 15.1.0 Build 185 10/21/2015 SJ Standard Edition ;
; Timing Analyzer       ; TimeQuest                                               ;
; Revision Name         ; ft232h_simple                                           ;
; Device Family         ; Cyclone V                                               ;
; Device Name           ; 5CEFA2F23C8                                             ;
; Timing Models         ; Final                                                   ;
; Delay Model           ; Combined                                                ;
; Rise/Fall Delays      ; Enabled                                                 ;
+-----------------------+---------------------------------------------------------+


+------------------------------------------+
; Parallel Compilation                     ;
+----------------------------+-------------+
; Processors                 ; Number      ;
+----------------------------+-------------+
; Number detected on machine ; 8           ;
; Maximum allowed            ; 8           ;
;                            ;             ;
; Average used               ; 1.00        ;
; Maximum used               ; 8           ;
;                            ;             ;
; Usage by Processor         ; % Time Used ;
;     Processor 1            ; 100.0%      ;
;     Processors 2-8         ; < 0.1%      ;
+----------------------------+-------------+


+-----------------------------------------------------------+
; SDC File List                                             ;
+-----------------------+--------+--------------------------+
; SDC File Path         ; Status ; Read at                  ;
+-----------------------+--------+--------------------------+
; ft232h_simple.out.sdc ; OK     ; Fri Nov 25 23:31:13 2016 ;
+-----------------------+--------+--------------------------+


+----------------------------------------------------------------------------------------------------------------------------------------------------------------------------------+
; Clocks                                                                                                                                                                           ;
+------------+------+--------+-----------+-------+-------+------------+-----------+-------------+-------+--------+-----------+------------+----------+--------+--------+-----------+
; Clock Name ; Type ; Period ; Frequency ; Rise  ; Fall  ; Duty Cycle ; Divide by ; Multiply by ; Phase ; Offset ; Edge List ; Edge Shift ; Inverted ; Master ; Source ; Targets   ;
+------------+------+--------+-----------+-------+-------+------------+-----------+-------------+-------+--------+-----------+------------+----------+--------+--------+-----------+
; usb_clk    ; Base ; 12.500 ; 80.0 MHz  ; 0.000 ; 6.250 ;            ;           ;             ;       ;        ;           ;            ;          ;        ;        ; { clock } ;
+------------+------+--------+-----------+-------+-------+------------+-----------+-------------+-------+--------+-----------+------------+----------+--------+--------+-----------+


+-------------------------------------------------+
; Slow 1100mV 85C Model Fmax Summary              ;
+-----------+-----------------+------------+------+
; Fmax      ; Restricted Fmax ; Clock Name ; Note ;
+-----------+-----------------+------------+------+
; 48.19 MHz ; 48.19 MHz       ; usb_clk    ;      ;
+-----------+-----------------+------------+------+
This panel reports FMAX for every clock in the design, regardless of the user-specified clock periods.  FMAX is only computed for paths where the source and destination registers or ports are driven by the same clock.  Paths of different clocks, including generated clocks, are ignored.  For paths between a clock and its inversion, FMAX is computed as if the rising and falling edges are scaled along with FMAX, such that the duty cycle (in terms of a percentage) is maintained. Altera recommends that you always use clock constraints and other slack reports for sign-off analysis.


----------------------------------
; Timing Closure Recommendations ;
----------------------------------
HTML report is unavailable in plain text report export.


+-------------------------------------+
; Slow 1100mV 85C Model Setup Summary ;
+---------+--------+------------------+
; Clock   ; Slack  ; End Point TNS    ;
+---------+--------+------------------+
; usb_clk ; -8.251 ; -73.015          ;
+---------+--------+------------------+


+------------------------------------+
; Slow 1100mV 85C Model Hold Summary ;
+---------+-------+------------------+
; Clock   ; Slack ; End Point TNS    ;
+---------+-------+------------------+
; usb_clk ; 0.494 ; 0.000            ;
+---------+-------+------------------+


------------------------------------------
; Slow 1100mV 85C Model Recovery Summary ;
------------------------------------------
No paths to report.


-----------------------------------------
; Slow 1100mV 85C Model Removal Summary ;
-----------------------------------------
No paths to report.


+---------------------------------------------------+
; Slow 1100mV 85C Model Minimum Pulse Width Summary ;
+---------+-------+---------------------------------+
; Clock   ; Slack ; End Point TNS                   ;
+---------+-------+---------------------------------+
; usb_clk ; 5.244 ; 0.000                           ;
+---------+-------+---------------------------------+


-----------------------------------------------
; Slow 1100mV 85C Model Metastability Summary ;
-----------------------------------------------
No synchronizer chains to report.


+-------------------------------------------------+
; Slow 1100mV 0C Model Fmax Summary               ;
+-----------+-----------------+------------+------+
; Fmax      ; Restricted Fmax ; Clock Name ; Note ;
+-----------+-----------------+------------+------+
; 48.81 MHz ; 48.81 MHz       ; usb_clk    ;      ;
+-----------+-----------------+------------+------+
This panel reports FMAX for every clock in the design, regardless of the user-specified clock periods.  FMAX is only computed for paths where the source and destination registers or ports are driven by the same clock.  Paths of different clocks, including generated clocks, are ignored.  For paths between a clock and its inversion, FMAX is computed as if the rising and falling edges are scaled along with FMAX, such that the duty cycle (in terms of a percentage) is maintained. Altera recommends that you always use clock constraints and other slack reports for sign-off analysis.


+------------------------------------+
; Slow 1100mV 0C Model Setup Summary ;
+---------+--------+-----------------+
; Clock   ; Slack  ; End Point TNS   ;
+---------+--------+-----------------+
; usb_clk ; -7.986 ; -71.176         ;
+---------+--------+-----------------+


+-----------------------------------+
; Slow 1100mV 0C Model Hold Summary ;
+---------+-------+-----------------+
; Clock   ; Slack ; End Point TNS   ;
+---------+-------+-----------------+
; usb_clk ; 0.520 ; 0.000           ;
+---------+-------+-----------------+


-----------------------------------------
; Slow 1100mV 0C Model Recovery Summary ;
-----------------------------------------
No paths to report.


----------------------------------------
; Slow 1100mV 0C Model Removal Summary ;
----------------------------------------
No paths to report.


+--------------------------------------------------+
; Slow 1100mV 0C Model Minimum Pulse Width Summary ;
+---------+-------+--------------------------------+
; Clock   ; Slack ; End Point TNS                  ;
+---------+-------+--------------------------------+
; usb_clk ; 5.310 ; 0.000                          ;
+---------+-------+--------------------------------+


----------------------------------------------
; Slow 1100mV 0C Model Metastability Summary ;
----------------------------------------------
No synchronizer chains to report.


+-------------------------------------+
; Fast 1100mV 85C Model Setup Summary ;
+---------+--------+------------------+
; Clock   ; Slack  ; End Point TNS    ;
+---------+--------+------------------+
; usb_clk ; -1.159 ; -9.759           ;
+---------+--------+------------------+


+------------------------------------+
; Fast 1100mV 85C Model Hold Summary ;
+---------+-------+------------------+
; Clock   ; Slack ; End Point TNS    ;
+---------+-------+------------------+
; usb_clk ; 0.191 ; 0.000            ;
+---------+-------+------------------+


------------------------------------------
; Fast 1100mV 85C Model Recovery Summary ;
------------------------------------------
No paths to report.


-----------------------------------------
; Fast 1100mV 85C Model Removal Summary ;
-----------------------------------------
No paths to report.


+---------------------------------------------------+
; Fast 1100mV 85C Model Minimum Pulse Width Summary ;
+---------+-------+---------------------------------+
; Clock   ; Slack ; End Point TNS                   ;
+---------+-------+---------------------------------+
; usb_clk ; 5.187 ; 0.000                           ;
+---------+-------+---------------------------------+


-----------------------------------------------
; Fast 1100mV 85C Model Metastability Summary ;
-----------------------------------------------
No synchronizer chains to report.


+------------------------------------+
; Fast 1100mV 0C Model Setup Summary ;
+---------+--------+-----------------+
; Clock   ; Slack  ; End Point TNS   ;
+---------+--------+-----------------+
; usb_clk ; -0.836 ; -7.090          ;
+---------+--------+-----------------+


+-----------------------------------+
; Fast 1100mV 0C Model Hold Summary ;
+---------+-------+-----------------+
; Clock   ; Slack ; End Point TNS   ;
+---------+-------+-----------------+
; usb_clk ; 0.181 ; 0.000           ;
+---------+-------+-----------------+


-----------------------------------------
; Fast 1100mV 0C Model Recovery Summary ;
-----------------------------------------
No paths to report.


----------------------------------------
; Fast 1100mV 0C Model Removal Summary ;
----------------------------------------
No paths to report.


+--------------------------------------------------+
; Fast 1100mV 0C Model Minimum Pulse Width Summary ;
+---------+-------+--------------------------------+
; Clock   ; Slack ; End Point TNS                  ;
+---------+-------+--------------------------------+
; usb_clk ; 5.156 ; 0.000                          ;
+---------+-------+--------------------------------+


----------------------------------------------
; Fast 1100mV 0C Model Metastability Summary ;
----------------------------------------------
No synchronizer chains to report.


+-------------------------------------------------------------------------------+
; Multicorner Timing Analysis Summary                                           ;
+------------------+---------+-------+----------+---------+---------------------+
; Clock            ; Setup   ; Hold  ; Recovery ; Removal ; Minimum Pulse Width ;
+------------------+---------+-------+----------+---------+---------------------+
; Worst-case Slack ; -8.251  ; 0.181 ; N/A      ; N/A     ; 5.156               ;
;  usb_clk         ; -8.251  ; 0.181 ; N/A      ; N/A     ; 5.156               ;
; Design-wide TNS  ; -73.015 ; 0.0   ; 0.0      ; 0.0     ; 0.0                 ;
;  usb_clk         ; -73.015 ; 0.000 ; N/A      ; N/A     ; 0.000               ;
+------------------+---------+-------+----------+---------+---------------------+


+------------------------------------------------------------------------------------------------------------------------------------------------------------------------------------------------------------------------------------------------------------------------------------------------------------------------------------------------------------------------------------------------------------+
; Board Trace Model Assignments                                                                                                                                                                                                                                                                                                                                                                              ;
+---------+--------------+-------------------+-------------------------+-------------------------+---------------+---------------------+----------------+------------------+--------+------------------+------------------------+------------------------+--------------+---------------+-----------------+-------+---------------------+--------------------+---------------+-----------------+-------------+
; Pin     ; I/O Standard ; Near Tline Length ; Near Tline L per Length ; Near Tline C per Length ; Near Series R ; Near Differential R ; Near Pull-up R ; Near Pull-down R ; Near C ; Far Tline Length ; Far Tline L per Length ; Far Tline C per Length ; Far Series R ; Far Pull-up R ; Far Pull-down R ; Far C ; Termination Voltage ; Far Differential R ; EBD File Name ; EBD Signal Name ; EBD Far-end ;
+---------+--------------+-------------------+-------------------------+-------------------------+---------------+---------------------+----------------+------------------+--------+------------------+------------------------+------------------------+--------------+---------------+-----------------+-------+---------------------+--------------------+---------------+-----------------+-------------+
; rd_n    ; 3.3-V LVCMOS ; 0 in              ; 0 H/in                  ; 0 F/in                  ; short         ; -                   ; open           ; open             ; open   ; 0 in             ; 0 H/in                 ; 0 F/in                 ; short        ; open          ; open            ; open  ; 0 V                 ; -                  ; n/a           ; n/a             ; n/a         ;
; wr_n    ; 3.3-V LVCMOS ; 0 in              ; 0 H/in                  ; 0 F/in                  ; short         ; -                   ; open           ; open             ; open   ; 0 in             ; 0 H/in                 ; 0 F/in                 ; short        ; open          ; open            ; open  ; 0 V                 ; -                  ; n/a           ; n/a             ; n/a         ;
; oe_n    ; 3.3-V LVCMOS ; 0 in              ; 0 H/in                  ; 0 F/in                  ; short         ; -                   ; open           ; open             ; open   ; 0 in             ; 0 H/in                 ; 0 F/in                 ; short        ; open          ; open            ; open  ; 0 V                 ; -                  ; n/a           ; n/a             ; n/a         ;
; siwu_n  ; 3.3-V LVCMOS ; 0 in              ; 0 H/in                  ; 0 F/in                  ; short         ; -                   ; open           ; open             ; open   ; 0 in             ; 0 H/in                 ; 0 F/in                 ; short        ; open          ; open            ; open  ; 0 V                 ; -                  ; n/a           ; n/a             ; n/a         ;
; data[0] ; 3.3-V LVCMOS ; 0 in              ; 0 H/in                  ; 0 F/in                  ; short         ; -                   ; open           ; open             ; open   ; 0 in             ; 0 H/in                 ; 0 F/in                 ; short        ; open          ; open            ; open  ; 0 V                 ; -                  ; n/a           ; n/a             ; n/a         ;
; data[1] ; 3.3-V LVCMOS ; 0 in              ; 0 H/in                  ; 0 F/in                  ; short         ; -                   ; open           ; open             ; open   ; 0 in             ; 0 H/in                 ; 0 F/in                 ; short        ; open          ; open            ; open  ; 0 V                 ; -                  ; n/a           ; n/a             ; n/a         ;
; data[2] ; 3.3-V LVCMOS ; 0 in              ; 0 H/in                  ; 0 F/in                  ; short         ; -                   ; open           ; open             ; open   ; 0 in             ; 0 H/in                 ; 0 F/in                 ; short        ; open          ; open            ; open  ; 0 V                 ; -                  ; n/a           ; n/a             ; n/a         ;
; data[3] ; 3.3-V LVCMOS ; 0 in              ; 0 H/in                  ; 0 F/in                  ; short         ; -                   ; open           ; open             ; open   ; 0 in             ; 0 H/in                 ; 0 F/in                 ; short        ; open          ; open            ; open  ; 0 V                 ; -                  ; n/a           ; n/a             ; n/a         ;
; data[4] ; 3.3-V LVCMOS ; 0 in              ; 0 H/in                  ; 0 F/in                  ; short         ; -                   ; open           ; open             ; open   ; 0 in             ; 0 H/in                 ; 0 F/in                 ; short        ; open          ; open            ; open  ; 0 V                 ; -                  ; n/a           ; n/a             ; n/a         ;
; data[5] ; 3.3-V LVCMOS ; 0 in              ; 0 H/in                  ; 0 F/in                  ; short         ; -                   ; open           ; open             ; open   ; 0 in             ; 0 H/in                 ; 0 F/in                 ; short        ; open          ; open            ; open  ; 0 V                 ; -                  ; n/a           ; n/a             ; n/a         ;
; data[6] ; 3.3-V LVCMOS ; 0 in              ; 0 H/in                  ; 0 F/in                  ; short         ; -                   ; open           ; open             ; open   ; 0 in             ; 0 H/in                 ; 0 F/in                 ; short        ; open          ; open            ; open  ; 0 V                 ; -                  ; n/a           ; n/a             ; n/a         ;
; data[7] ; 3.3-V LVCMOS ; 0 in              ; 0 H/in                  ; 0 F/in                  ; short         ; -                   ; open           ; open             ; open   ; 0 in             ; 0 H/in                 ; 0 F/in                 ; short        ; open          ; open            ; open  ; 0 V                 ; -                  ; n/a           ; n/a             ; n/a         ;
+---------+--------------+-------------------+-------------------------+-------------------------+---------------+---------------------+----------------+------------------+--------+------------------+------------------------+------------------------+--------------+---------------+-----------------+-------+---------------------+--------------------+---------------+-----------------+-------------+


+------------------------------------------------------------+
; Input Transition Times                                     ;
+---------+--------------+-----------------+-----------------+
; Pin     ; I/O Standard ; 10-90 Rise Time ; 90-10 Fall Time ;
+---------+--------------+-----------------+-----------------+
; rxf_n   ; 3.3-V LVCMOS ; 2640 ps         ; 2640 ps         ;
; data[0] ; 3.3-V LVCMOS ; 2640 ps         ; 2640 ps         ;
; data[1] ; 3.3-V LVCMOS ; 2640 ps         ; 2640 ps         ;
; data[2] ; 3.3-V LVCMOS ; 2640 ps         ; 2640 ps         ;
; data[3] ; 3.3-V LVCMOS ; 2640 ps         ; 2640 ps         ;
; data[4] ; 3.3-V LVCMOS ; 2640 ps         ; 2640 ps         ;
; data[5] ; 3.3-V LVCMOS ; 2640 ps         ; 2640 ps         ;
; data[6] ; 3.3-V LVCMOS ; 2640 ps         ; 2640 ps         ;
; data[7] ; 3.3-V LVCMOS ; 2640 ps         ; 2640 ps         ;
; txe_n   ; 3.3-V LVCMOS ; 2640 ps         ; 2640 ps         ;
; clock   ; 3.3-V LVCMOS ; 2640 ps         ; 2640 ps         ;
; rst_n   ; 1.5 V        ; 1200 ps         ; 1200 ps         ;
+---------+--------------+-----------------+-----------------+


+--------------------------------------------------------------------------------------------------------------------------------------------------------------------------------------------------------------------------------------------------------------------------------------------------------------------------------------------------------------------------------------------------------------------------------------------------------------------------------------------------------------------------------------------------------------------------------------------------------------------------------------------------------------------------------------+
; Signal Integrity Metrics (Slow 1100mv 0c Model)                                                                                                                                                                                                                                                                                                                                                                                                                                                                                                                                                                                                                                      ;
+---------+--------------+---------------------+---------------------+------------------------------+------------------------------+---------------------+---------------------+--------------------------------------+--------------------------------------+-----------------------------+-----------------------------+----------------------------+----------------------------+-----------------------------+-----------------------------+--------------------+--------------------+-------------------------------------+-------------------------------------+----------------------------+----------------------------+---------------------------+---------------------------+
; Pin     ; I/O Standard ; Board Delay on Rise ; Board Delay on Fall ; Steady State Voh at FPGA Pin ; Steady State Vol at FPGA Pin ; Voh Max at FPGA Pin ; Vol Min at FPGA Pin ; Ringback Voltage on Rise at FPGA Pin ; Ringback Voltage on Fall at FPGA Pin ; 10-90 Rise Time at FPGA Pin ; 90-10 Fall Time at FPGA Pin ; Monotonic Rise at FPGA Pin ; Monotonic Fall at FPGA Pin ; Steady State Voh at Far-end ; Steady State Vol at Far-end ; Voh Max at Far-end ; Vol Min at Far-end ; Ringback Voltage on Rise at Far-end ; Ringback Voltage on Fall at Far-end ; 10-90 Rise Time at Far-end ; 90-10 Fall Time at Far-end ; Monotonic Rise at Far-end ; Monotonic Fall at Far-end ;
+---------+--------------+---------------------+---------------------+------------------------------+------------------------------+---------------------+---------------------+--------------------------------------+--------------------------------------+-----------------------------+-----------------------------+----------------------------+----------------------------+-----------------------------+-----------------------------+--------------------+--------------------+-------------------------------------+-------------------------------------+----------------------------+----------------------------+---------------------------+---------------------------+
; rd_n    ; 3.3-V LVCMOS ; 0 s                 ; 0 s                 ; 3.08 V                       ; 6.13e-08 V                   ; 3.12 V              ; -0.199 V            ; 0.137 V                              ; 0.359 V                              ; 4.46e-10 s                  ; 1.67e-10 s                  ; Yes                        ; No                         ; 3.08 V                      ; 6.13e-08 V                  ; 3.12 V             ; -0.199 V           ; 0.137 V                             ; 0.359 V                             ; 4.46e-10 s                 ; 1.67e-10 s                 ; Yes                       ; No                        ;
; wr_n    ; 3.3-V LVCMOS ; 0 s                 ; 0 s                 ; 3.08 V                       ; 6.13e-08 V                   ; 3.12 V              ; -0.197 V            ; 0.136 V                              ; 0.361 V                              ; 4.46e-10 s                  ; 1.67e-10 s                  ; Yes                        ; No                         ; 3.08 V                      ; 6.13e-08 V                  ; 3.12 V             ; -0.197 V           ; 0.136 V                             ; 0.361 V                             ; 4.46e-10 s                 ; 1.67e-10 s                 ; Yes                       ; No                        ;
; oe_n    ; 3.3-V LVCMOS ; 0 s                 ; 0 s                 ; 3.08 V                       ; 6.13e-08 V                   ; 3.12 V              ; -0.197 V            ; 0.136 V                              ; 0.361 V                              ; 4.46e-10 s                  ; 1.67e-10 s                  ; Yes                        ; No                         ; 3.08 V                      ; 6.13e-08 V                  ; 3.12 V             ; -0.197 V           ; 0.136 V                             ; 0.361 V                             ; 4.46e-10 s                 ; 1.67e-10 s                 ; Yes                       ; No                        ;
; siwu_n  ; 3.3-V LVCMOS ; 0 s                 ; 0 s                 ; 3.08 V                       ; 6.13e-08 V                   ; 3.12 V              ; -0.199 V            ; 0.137 V                              ; 0.359 V                              ; 4.46e-10 s                  ; 1.67e-10 s                  ; Yes                        ; No                         ; 3.08 V                      ; 6.13e-08 V                  ; 3.12 V             ; -0.199 V           ; 0.137 V                             ; 0.359 V                             ; 4.46e-10 s                 ; 1.67e-10 s                 ; Yes                       ; No                        ;
; data[0] ; 3.3-V LVCMOS ; 0 s                 ; 0 s                 ; 3.08 V                       ; 6.13e-08 V                   ; 3.12 V              ; -0.199 V            ; 0.137 V                              ; 0.359 V                              ; 4.46e-10 s                  ; 1.67e-10 s                  ; Yes                        ; No                         ; 3.08 V                      ; 6.13e-08 V                  ; 3.12 V             ; -0.199 V           ; 0.137 V                             ; 0.359 V                             ; 4.46e-10 s                 ; 1.67e-10 s                 ; Yes                       ; No                        ;
; data[1] ; 3.3-V LVCMOS ; 0 s                 ; 0 s                 ; 3.08 V                       ; 6.13e-08 V                   ; 3.12 V              ; -0.197 V            ; 0.136 V                              ; 0.361 V                              ; 4.46e-10 s                  ; 1.67e-10 s                  ; Yes                        ; No                         ; 3.08 V                      ; 6.13e-08 V                  ; 3.12 V             ; -0.197 V           ; 0.136 V                             ; 0.361 V                             ; 4.46e-10 s                 ; 1.67e-10 s                 ; Yes                       ; No                        ;
; data[2] ; 3.3-V LVCMOS ; 0 s                 ; 0 s                 ; 3.08 V                       ; 6.13e-08 V                   ; 3.12 V              ; -0.199 V            ; 0.137 V                              ; 0.359 V                              ; 4.46e-10 s                  ; 1.67e-10 s                  ; Yes                        ; No                         ; 3.08 V                      ; 6.13e-08 V                  ; 3.12 V             ; -0.199 V           ; 0.137 V                             ; 0.359 V                             ; 4.46e-10 s                 ; 1.67e-10 s                 ; Yes                       ; No                        ;
; data[3] ; 3.3-V LVCMOS ; 0 s                 ; 0 s                 ; 3.08 V                       ; 6.13e-08 V                   ; 3.12 V              ; -0.197 V            ; 0.136 V                              ; 0.361 V                              ; 4.46e-10 s                  ; 1.67e-10 s                  ; Yes                        ; No                         ; 3.08 V                      ; 6.13e-08 V                  ; 3.12 V             ; -0.197 V           ; 0.136 V                             ; 0.361 V                             ; 4.46e-10 s                 ; 1.67e-10 s                 ; Yes                       ; No                        ;
; data[4] ; 3.3-V LVCMOS ; 0 s                 ; 0 s                 ; 3.08 V                       ; 6.13e-08 V                   ; 3.12 V              ; -0.199 V            ; 0.137 V                              ; 0.359 V                              ; 4.46e-10 s                  ; 1.67e-10 s                  ; Yes                        ; No                         ; 3.08 V                      ; 6.13e-08 V                  ; 3.12 V             ; -0.199 V           ; 0.137 V                             ; 0.359 V                             ; 4.46e-10 s                 ; 1.67e-10 s                 ; Yes                       ; No                        ;
; data[5] ; 3.3-V LVCMOS ; 0 s                 ; 0 s                 ; 3.08 V                       ; 6.13e-08 V                   ; 3.12 V              ; -0.197 V            ; 0.136 V                              ; 0.361 V                              ; 4.46e-10 s                  ; 1.67e-10 s                  ; Yes                        ; No                         ; 3.08 V                      ; 6.13e-08 V                  ; 3.12 V             ; -0.197 V           ; 0.136 V                             ; 0.361 V                             ; 4.46e-10 s                 ; 1.67e-10 s                 ; Yes                       ; No                        ;
; data[6] ; 3.3-V LVCMOS ; 0 s                 ; 0 s                 ; 3.08 V                       ; 6.13e-08 V                   ; 3.12 V              ; -0.199 V            ; 0.137 V                              ; 0.359 V                              ; 4.46e-10 s                  ; 1.67e-10 s                  ; Yes                        ; No                         ; 3.08 V                      ; 6.13e-08 V                  ; 3.12 V             ; -0.199 V           ; 0.137 V                             ; 0.359 V                             ; 4.46e-10 s                 ; 1.67e-10 s                 ; Yes                       ; No                        ;
; data[7] ; 3.3-V LVCMOS ; 0 s                 ; 0 s                 ; 3.08 V                       ; 6.13e-08 V                   ; 3.12 V              ; -0.199 V            ; 0.137 V                              ; 0.359 V                              ; 4.46e-10 s                  ; 1.67e-10 s                  ; Yes                        ; No                         ; 3.08 V                      ; 6.13e-08 V                  ; 3.12 V             ; -0.199 V           ; 0.137 V                             ; 0.359 V                             ; 4.46e-10 s                 ; 1.67e-10 s                 ; Yes                       ; No                        ;
+---------+--------------+---------------------+---------------------+------------------------------+------------------------------+---------------------+---------------------+--------------------------------------+--------------------------------------+-----------------------------+-----------------------------+----------------------------+----------------------------+-----------------------------+-----------------------------+--------------------+--------------------+-------------------------------------+-------------------------------------+----------------------------+----------------------------+---------------------------+---------------------------+


+--------------------------------------------------------------------------------------------------------------------------------------------------------------------------------------------------------------------------------------------------------------------------------------------------------------------------------------------------------------------------------------------------------------------------------------------------------------------------------------------------------------------------------------------------------------------------------------------------------------------------------------------------------------------------------------+
; Signal Integrity Metrics (Slow 1100mv 85c Model)                                                                                                                                                                                                                                                                                                                                                                                                                                                                                                                                                                                                                                     ;
+---------+--------------+---------------------+---------------------+------------------------------+------------------------------+---------------------+---------------------+--------------------------------------+--------------------------------------+-----------------------------+-----------------------------+----------------------------+----------------------------+-----------------------------+-----------------------------+--------------------+--------------------+-------------------------------------+-------------------------------------+----------------------------+----------------------------+---------------------------+---------------------------+
; Pin     ; I/O Standard ; Board Delay on Rise ; Board Delay on Fall ; Steady State Voh at FPGA Pin ; Steady State Vol at FPGA Pin ; Voh Max at FPGA Pin ; Vol Min at FPGA Pin ; Ringback Voltage on Rise at FPGA Pin ; Ringback Voltage on Fall at FPGA Pin ; 10-90 Rise Time at FPGA Pin ; 90-10 Fall Time at FPGA Pin ; Monotonic Rise at FPGA Pin ; Monotonic Fall at FPGA Pin ; Steady State Voh at Far-end ; Steady State Vol at Far-end ; Voh Max at Far-end ; Vol Min at Far-end ; Ringback Voltage on Rise at Far-end ; Ringback Voltage on Fall at Far-end ; 10-90 Rise Time at Far-end ; 90-10 Fall Time at Far-end ; Monotonic Rise at Far-end ; Monotonic Fall at Far-end ;
+---------+--------------+---------------------+---------------------+------------------------------+------------------------------+---------------------+---------------------+--------------------------------------+--------------------------------------+-----------------------------+-----------------------------+----------------------------+----------------------------+-----------------------------+-----------------------------+--------------------+--------------------+-------------------------------------+-------------------------------------+----------------------------+----------------------------+---------------------------+---------------------------+
; rd_n    ; 3.3-V LVCMOS ; 0 s                 ; 0 s                 ; 3.08 V                       ; 8.03e-06 V                   ; 3.12 V              ; -0.0981 V           ; 0.11 V                               ; 0.132 V                              ; 5.67e-10 s                  ; 3.15e-10 s                  ; Yes                        ; Yes                        ; 3.08 V                      ; 8.03e-06 V                  ; 3.12 V             ; -0.0981 V          ; 0.11 V                              ; 0.132 V                             ; 5.67e-10 s                 ; 3.15e-10 s                 ; Yes                       ; Yes                       ;
; wr_n    ; 3.3-V LVCMOS ; 0 s                 ; 0 s                 ; 3.08 V                       ; 8.03e-06 V                   ; 3.12 V              ; -0.0954 V           ; 0.11 V                               ; 0.13 V                               ; 5.67e-10 s                  ; 3.16e-10 s                  ; Yes                        ; Yes                        ; 3.08 V                      ; 8.03e-06 V                  ; 3.12 V             ; -0.0954 V          ; 0.11 V                              ; 0.13 V                              ; 5.67e-10 s                 ; 3.16e-10 s                 ; Yes                       ; Yes                       ;
; oe_n    ; 3.3-V LVCMOS ; 0 s                 ; 0 s                 ; 3.08 V                       ; 8.03e-06 V                   ; 3.12 V              ; -0.0954 V           ; 0.11 V                               ; 0.13 V                               ; 5.67e-10 s                  ; 3.16e-10 s                  ; Yes                        ; Yes                        ; 3.08 V                      ; 8.03e-06 V                  ; 3.12 V             ; -0.0954 V          ; 0.11 V                              ; 0.13 V                              ; 5.67e-10 s                 ; 3.16e-10 s                 ; Yes                       ; Yes                       ;
; siwu_n  ; 3.3-V LVCMOS ; 0 s                 ; 0 s                 ; 3.08 V                       ; 8.03e-06 V                   ; 3.12 V              ; -0.0981 V           ; 0.11 V                               ; 0.132 V                              ; 5.67e-10 s                  ; 3.15e-10 s                  ; Yes                        ; Yes                        ; 3.08 V                      ; 8.03e-06 V                  ; 3.12 V             ; -0.0981 V          ; 0.11 V                              ; 0.132 V                             ; 5.67e-10 s                 ; 3.15e-10 s                 ; Yes                       ; Yes                       ;
; data[0] ; 3.3-V LVCMOS ; 0 s                 ; 0 s                 ; 3.08 V                       ; 8.03e-06 V                   ; 3.12 V              ; -0.0981 V           ; 0.11 V                               ; 0.132 V                              ; 5.67e-10 s                  ; 3.15e-10 s                  ; Yes                        ; Yes                        ; 3.08 V                      ; 8.03e-06 V                  ; 3.12 V             ; -0.0981 V          ; 0.11 V                              ; 0.132 V                             ; 5.67e-10 s                 ; 3.15e-10 s                 ; Yes                       ; Yes                       ;
; data[1] ; 3.3-V LVCMOS ; 0 s                 ; 0 s                 ; 3.08 V                       ; 8.03e-06 V                   ; 3.12 V              ; -0.0954 V           ; 0.11 V                               ; 0.13 V                               ; 5.67e-10 s                  ; 3.16e-10 s                  ; Yes                        ; Yes                        ; 3.08 V                      ; 8.03e-06 V                  ; 3.12 V             ; -0.0954 V          ; 0.11 V                              ; 0.13 V                              ; 5.67e-10 s                 ; 3.16e-10 s                 ; Yes                       ; Yes                       ;
; data[2] ; 3.3-V LVCMOS ; 0 s                 ; 0 s                 ; 3.08 V                       ; 8.03e-06 V                   ; 3.12 V              ; -0.0981 V           ; 0.11 V                               ; 0.132 V                              ; 5.67e-10 s                  ; 3.15e-10 s                  ; Yes                        ; Yes                        ; 3.08 V                      ; 8.03e-06 V                  ; 3.12 V             ; -0.0981 V          ; 0.11 V                              ; 0.132 V                             ; 5.67e-10 s                 ; 3.15e-10 s                 ; Yes                       ; Yes                       ;
; data[3] ; 3.3-V LVCMOS ; 0 s                 ; 0 s                 ; 3.08 V                       ; 8.03e-06 V                   ; 3.12 V              ; -0.0954 V           ; 0.11 V                               ; 0.13 V                               ; 5.67e-10 s                  ; 3.16e-10 s                  ; Yes                        ; Yes                        ; 3.08 V                      ; 8.03e-06 V                  ; 3.12 V             ; -0.0954 V          ; 0.11 V                              ; 0.13 V                              ; 5.67e-10 s                 ; 3.16e-10 s                 ; Yes                       ; Yes                       ;
; data[4] ; 3.3-V LVCMOS ; 0 s                 ; 0 s                 ; 3.08 V                       ; 8.03e-06 V                   ; 3.12 V              ; -0.0981 V           ; 0.11 V                               ; 0.132 V                              ; 5.67e-10 s                  ; 3.15e-10 s                  ; Yes                        ; Yes                        ; 3.08 V                      ; 8.03e-06 V                  ; 3.12 V             ; -0.0981 V          ; 0.11 V                              ; 0.132 V                             ; 5.67e-10 s                 ; 3.15e-10 s                 ; Yes                       ; Yes                       ;
; data[5] ; 3.3-V LVCMOS ; 0 s                 ; 0 s                 ; 3.08 V                       ; 8.03e-06 V                   ; 3.12 V              ; -0.0954 V           ; 0.11 V                               ; 0.13 V                               ; 5.67e-10 s                  ; 3.16e-10 s                  ; Yes                        ; Yes                        ; 3.08 V                      ; 8.03e-06 V                  ; 3.12 V             ; -0.0954 V          ; 0.11 V                              ; 0.13 V                              ; 5.67e-10 s                 ; 3.16e-10 s                 ; Yes                       ; Yes                       ;
; data[6] ; 3.3-V LVCMOS ; 0 s                 ; 0 s                 ; 3.08 V                       ; 8.03e-06 V                   ; 3.12 V              ; -0.0981 V           ; 0.11 V                               ; 0.132 V                              ; 5.67e-10 s                  ; 3.15e-10 s                  ; Yes                        ; Yes                        ; 3.08 V                      ; 8.03e-06 V                  ; 3.12 V             ; -0.0981 V          ; 0.11 V                              ; 0.132 V                             ; 5.67e-10 s                 ; 3.15e-10 s                 ; Yes                       ; Yes                       ;
; data[7] ; 3.3-V LVCMOS ; 0 s                 ; 0 s                 ; 3.08 V                       ; 8.03e-06 V                   ; 3.12 V              ; -0.0981 V           ; 0.11 V                               ; 0.132 V                              ; 5.67e-10 s                  ; 3.15e-10 s                  ; Yes                        ; Yes                        ; 3.08 V                      ; 8.03e-06 V                  ; 3.12 V             ; -0.0981 V          ; 0.11 V                              ; 0.132 V                             ; 5.67e-10 s                 ; 3.15e-10 s                 ; Yes                       ; Yes                       ;
+---------+--------------+---------------------+---------------------+------------------------------+------------------------------+---------------------+---------------------+--------------------------------------+--------------------------------------+-----------------------------+-----------------------------+----------------------------+----------------------------+-----------------------------+-----------------------------+--------------------+--------------------+-------------------------------------+-------------------------------------+----------------------------+----------------------------+---------------------------+---------------------------+


+--------------------------------------------------------------------------------------------------------------------------------------------------------------------------------------------------------------------------------------------------------------------------------------------------------------------------------------------------------------------------------------------------------------------------------------------------------------------------------------------------------------------------------------------------------------------------------------------------------------------------------------------------------------------------------------+
; Signal Integrity Metrics (Fast 1100mv 0c Model)                                                                                                                                                                                                                                                                                                                                                                                                                                                                                                                                                                                                                                      ;
+---------+--------------+---------------------+---------------------+------------------------------+------------------------------+---------------------+---------------------+--------------------------------------+--------------------------------------+-----------------------------+-----------------------------+----------------------------+----------------------------+-----------------------------+-----------------------------+--------------------+--------------------+-------------------------------------+-------------------------------------+----------------------------+----------------------------+---------------------------+---------------------------+
; Pin     ; I/O Standard ; Board Delay on Rise ; Board Delay on Fall ; Steady State Voh at FPGA Pin ; Steady State Vol at FPGA Pin ; Voh Max at FPGA Pin ; Vol Min at FPGA Pin ; Ringback Voltage on Rise at FPGA Pin ; Ringback Voltage on Fall at FPGA Pin ; 10-90 Rise Time at FPGA Pin ; 90-10 Fall Time at FPGA Pin ; Monotonic Rise at FPGA Pin ; Monotonic Fall at FPGA Pin ; Steady State Voh at Far-end ; Steady State Vol at Far-end ; Voh Max at Far-end ; Vol Min at Far-end ; Ringback Voltage on Rise at Far-end ; Ringback Voltage on Fall at Far-end ; 10-90 Rise Time at Far-end ; 90-10 Fall Time at Far-end ; Monotonic Rise at Far-end ; Monotonic Fall at Far-end ;
+---------+--------------+---------------------+---------------------+------------------------------+------------------------------+---------------------+---------------------+--------------------------------------+--------------------------------------+-----------------------------+-----------------------------+----------------------------+----------------------------+-----------------------------+-----------------------------+--------------------+--------------------+-------------------------------------+-------------------------------------+----------------------------+----------------------------+---------------------------+---------------------------+
; rd_n    ; 3.3-V LVCMOS ; 0 s                 ; 0 s                 ; 3.63 V                       ; 4.72e-06 V                   ; 3.7 V               ; -0.49 V             ; 0.117 V                              ; 0.622 V                              ; 3.84e-10 s                  ; 1.48e-10 s                  ; Yes                        ; No                         ; 3.63 V                      ; 4.72e-06 V                  ; 3.7 V              ; -0.49 V            ; 0.117 V                             ; 0.622 V                             ; 3.84e-10 s                 ; 1.48e-10 s                 ; Yes                       ; No                        ;
; wr_n    ; 3.3-V LVCMOS ; 0 s                 ; 0 s                 ; 3.63 V                       ; 4.72e-06 V                   ; 3.7 V               ; -0.49 V             ; 0.117 V                              ; 0.621 V                              ; 3.84e-10 s                  ; 1.48e-10 s                  ; Yes                        ; No                         ; 3.63 V                      ; 4.72e-06 V                  ; 3.7 V              ; -0.49 V            ; 0.117 V                             ; 0.621 V                             ; 3.84e-10 s                 ; 1.48e-10 s                 ; Yes                       ; No                        ;
; oe_n    ; 3.3-V LVCMOS ; 0 s                 ; 0 s                 ; 3.63 V                       ; 4.72e-06 V                   ; 3.7 V               ; -0.49 V             ; 0.117 V                              ; 0.621 V                              ; 3.84e-10 s                  ; 1.48e-10 s                  ; Yes                        ; No                         ; 3.63 V                      ; 4.72e-06 V                  ; 3.7 V              ; -0.49 V            ; 0.117 V                             ; 0.621 V                             ; 3.84e-10 s                 ; 1.48e-10 s                 ; Yes                       ; No                        ;
; siwu_n  ; 3.3-V LVCMOS ; 0 s                 ; 0 s                 ; 3.63 V                       ; 4.72e-06 V                   ; 3.7 V               ; -0.49 V             ; 0.117 V                              ; 0.622 V                              ; 3.84e-10 s                  ; 1.48e-10 s                  ; Yes                        ; No                         ; 3.63 V                      ; 4.72e-06 V                  ; 3.7 V              ; -0.49 V            ; 0.117 V                             ; 0.622 V                             ; 3.84e-10 s                 ; 1.48e-10 s                 ; Yes                       ; No                        ;
; data[0] ; 3.3-V LVCMOS ; 0 s                 ; 0 s                 ; 3.63 V                       ; 4.72e-06 V                   ; 3.7 V               ; -0.49 V             ; 0.117 V                              ; 0.622 V                              ; 3.84e-10 s                  ; 1.48e-10 s                  ; Yes                        ; No                         ; 3.63 V                      ; 4.72e-06 V                  ; 3.7 V              ; -0.49 V            ; 0.117 V                             ; 0.622 V                             ; 3.84e-10 s                 ; 1.48e-10 s                 ; Yes                       ; No                        ;
; data[1] ; 3.3-V LVCMOS ; 0 s                 ; 0 s                 ; 3.63 V                       ; 4.72e-06 V                   ; 3.7 V               ; -0.49 V             ; 0.117 V                              ; 0.621 V                              ; 3.84e-10 s                  ; 1.48e-10 s                  ; Yes                        ; No                         ; 3.63 V                      ; 4.72e-06 V                  ; 3.7 V              ; -0.49 V            ; 0.117 V                             ; 0.621 V                             ; 3.84e-10 s                 ; 1.48e-10 s                 ; Yes                       ; No                        ;
; data[2] ; 3.3-V LVCMOS ; 0 s                 ; 0 s                 ; 3.63 V                       ; 4.72e-06 V                   ; 3.7 V               ; -0.49 V             ; 0.117 V                              ; 0.622 V                              ; 3.84e-10 s                  ; 1.48e-10 s                  ; Yes                        ; No                         ; 3.63 V                      ; 4.72e-06 V                  ; 3.7 V              ; -0.49 V            ; 0.117 V                             ; 0.622 V                             ; 3.84e-10 s                 ; 1.48e-10 s                 ; Yes                       ; No                        ;
; data[3] ; 3.3-V LVCMOS ; 0 s                 ; 0 s                 ; 3.63 V                       ; 4.72e-06 V                   ; 3.7 V               ; -0.49 V             ; 0.117 V                              ; 0.621 V                              ; 3.84e-10 s                  ; 1.48e-10 s                  ; Yes                        ; No                         ; 3.63 V                      ; 4.72e-06 V                  ; 3.7 V              ; -0.49 V            ; 0.117 V                             ; 0.621 V                             ; 3.84e-10 s                 ; 1.48e-10 s                 ; Yes                       ; No                        ;
; data[4] ; 3.3-V LVCMOS ; 0 s                 ; 0 s                 ; 3.63 V                       ; 4.72e-06 V                   ; 3.7 V               ; -0.49 V             ; 0.117 V                              ; 0.622 V                              ; 3.84e-10 s                  ; 1.48e-10 s                  ; Yes                        ; No                         ; 3.63 V                      ; 4.72e-06 V                  ; 3.7 V              ; -0.49 V            ; 0.117 V                             ; 0.622 V                             ; 3.84e-10 s                 ; 1.48e-10 s                 ; Yes                       ; No                        ;
; data[5] ; 3.3-V LVCMOS ; 0 s                 ; 0 s                 ; 3.63 V                       ; 4.72e-06 V                   ; 3.7 V               ; -0.49 V             ; 0.117 V                              ; 0.621 V                              ; 3.84e-10 s                  ; 1.48e-10 s                  ; Yes                        ; No                         ; 3.63 V                      ; 4.72e-06 V                  ; 3.7 V              ; -0.49 V            ; 0.117 V                             ; 0.621 V                             ; 3.84e-10 s                 ; 1.48e-10 s                 ; Yes                       ; No                        ;
; data[6] ; 3.3-V LVCMOS ; 0 s                 ; 0 s                 ; 3.63 V                       ; 4.72e-06 V                   ; 3.7 V               ; -0.49 V             ; 0.117 V                              ; 0.622 V                              ; 3.84e-10 s                  ; 1.48e-10 s                  ; Yes                        ; No                         ; 3.63 V                      ; 4.72e-06 V                  ; 3.7 V              ; -0.49 V            ; 0.117 V                             ; 0.622 V                             ; 3.84e-10 s                 ; 1.48e-10 s                 ; Yes                       ; No                        ;
; data[7] ; 3.3-V LVCMOS ; 0 s                 ; 0 s                 ; 3.63 V                       ; 4.72e-06 V                   ; 3.7 V               ; -0.49 V             ; 0.117 V                              ; 0.622 V                              ; 3.84e-10 s                  ; 1.48e-10 s                  ; Yes                        ; No                         ; 3.63 V                      ; 4.72e-06 V                  ; 3.7 V              ; -0.49 V            ; 0.117 V                             ; 0.622 V                             ; 3.84e-10 s                 ; 1.48e-10 s                 ; Yes                       ; No                        ;
+---------+--------------+---------------------+---------------------+------------------------------+------------------------------+---------------------+---------------------+--------------------------------------+--------------------------------------+-----------------------------+-----------------------------+----------------------------+----------------------------+-----------------------------+-----------------------------+--------------------+--------------------+-------------------------------------+-------------------------------------+----------------------------+----------------------------+---------------------------+---------------------------+


+--------------------------------------------------------------------------------------------------------------------------------------------------------------------------------------------------------------------------------------------------------------------------------------------------------------------------------------------------------------------------------------------------------------------------------------------------------------------------------------------------------------------------------------------------------------------------------------------------------------------------------------------------------------------------------------+
; Signal Integrity Metrics (Fast 1100mv 85c Model)                                                                                                                                                                                                                                                                                                                                                                                                                                                                                                                                                                                                                                     ;
+---------+--------------+---------------------+---------------------+------------------------------+------------------------------+---------------------+---------------------+--------------------------------------+--------------------------------------+-----------------------------+-----------------------------+----------------------------+----------------------------+-----------------------------+-----------------------------+--------------------+--------------------+-------------------------------------+-------------------------------------+----------------------------+----------------------------+---------------------------+---------------------------+
; Pin     ; I/O Standard ; Board Delay on Rise ; Board Delay on Fall ; Steady State Voh at FPGA Pin ; Steady State Vol at FPGA Pin ; Voh Max at FPGA Pin ; Vol Min at FPGA Pin ; Ringback Voltage on Rise at FPGA Pin ; Ringback Voltage on Fall at FPGA Pin ; 10-90 Rise Time at FPGA Pin ; 90-10 Fall Time at FPGA Pin ; Monotonic Rise at FPGA Pin ; Monotonic Fall at FPGA Pin ; Steady State Voh at Far-end ; Steady State Vol at Far-end ; Voh Max at Far-end ; Vol Min at Far-end ; Ringback Voltage on Rise at Far-end ; Ringback Voltage on Fall at Far-end ; 10-90 Rise Time at Far-end ; 90-10 Fall Time at Far-end ; Monotonic Rise at Far-end ; Monotonic Fall at Far-end ;
+---------+--------------+---------------------+---------------------+------------------------------+------------------------------+---------------------+---------------------+--------------------------------------+--------------------------------------+-----------------------------+-----------------------------+----------------------------+----------------------------+-----------------------------+-----------------------------+--------------------+--------------------+-------------------------------------+-------------------------------------+----------------------------+----------------------------+---------------------------+---------------------------+
; rd_n    ; 3.3-V LVCMOS ; 0 s                 ; 0 s                 ; 3.63 V                       ; 0.000229 V                   ; 3.65 V              ; -0.316 V            ; 0.041 V                              ; 0.53 V                               ; 4.29e-10 s                  ; 1.87e-10 s                  ; Yes                        ; No                         ; 3.63 V                      ; 0.000229 V                  ; 3.65 V             ; -0.316 V           ; 0.041 V                             ; 0.53 V                              ; 4.29e-10 s                 ; 1.87e-10 s                 ; Yes                       ; No                        ;
; wr_n    ; 3.3-V LVCMOS ; 0 s                 ; 0 s                 ; 3.63 V                       ; 0.000229 V                   ; 3.65 V              ; -0.319 V            ; 0.041 V                              ; 0.528 V                              ; 4.29e-10 s                  ; 1.87e-10 s                  ; Yes                        ; No                         ; 3.63 V                      ; 0.000229 V                  ; 3.65 V             ; -0.319 V           ; 0.041 V                             ; 0.528 V                             ; 4.29e-10 s                 ; 1.87e-10 s                 ; Yes                       ; No                        ;
; oe_n    ; 3.3-V LVCMOS ; 0 s                 ; 0 s                 ; 3.63 V                       ; 0.000229 V                   ; 3.65 V              ; -0.319 V            ; 0.041 V                              ; 0.528 V                              ; 4.29e-10 s                  ; 1.87e-10 s                  ; Yes                        ; No                         ; 3.63 V                      ; 0.000229 V                  ; 3.65 V             ; -0.319 V           ; 0.041 V                             ; 0.528 V                             ; 4.29e-10 s                 ; 1.87e-10 s                 ; Yes                       ; No                        ;
; siwu_n  ; 3.3-V LVCMOS ; 0 s                 ; 0 s                 ; 3.63 V                       ; 0.000229 V                   ; 3.65 V              ; -0.316 V            ; 0.041 V                              ; 0.53 V                               ; 4.29e-10 s                  ; 1.87e-10 s                  ; Yes                        ; No                         ; 3.63 V                      ; 0.000229 V                  ; 3.65 V             ; -0.316 V           ; 0.041 V                             ; 0.53 V                              ; 4.29e-10 s                 ; 1.87e-10 s                 ; Yes                       ; No                        ;
; data[0] ; 3.3-V LVCMOS ; 0 s                 ; 0 s                 ; 3.63 V                       ; 0.000229 V                   ; 3.65 V              ; -0.316 V            ; 0.041 V                              ; 0.53 V                               ; 4.29e-10 s                  ; 1.87e-10 s                  ; Yes                        ; No                         ; 3.63 V                      ; 0.000229 V                  ; 3.65 V             ; -0.316 V           ; 0.041 V                             ; 0.53 V                              ; 4.29e-10 s                 ; 1.87e-10 s                 ; Yes                       ; No                        ;
; data[1] ; 3.3-V LVCMOS ; 0 s                 ; 0 s                 ; 3.63 V                       ; 0.000229 V                   ; 3.65 V              ; -0.319 V            ; 0.041 V                              ; 0.528 V                              ; 4.29e-10 s                  ; 1.87e-10 s                  ; Yes                        ; No                         ; 3.63 V                      ; 0.000229 V                  ; 3.65 V             ; -0.319 V           ; 0.041 V                             ; 0.528 V                             ; 4.29e-10 s                 ; 1.87e-10 s                 ; Yes                       ; No                        ;
; data[2] ; 3.3-V LVCMOS ; 0 s                 ; 0 s                 ; 3.63 V                       ; 0.000229 V                   ; 3.65 V              ; -0.316 V            ; 0.041 V                              ; 0.53 V                               ; 4.29e-10 s                  ; 1.87e-10 s                  ; Yes                        ; No                         ; 3.63 V                      ; 0.000229 V                  ; 3.65 V             ; -0.316 V           ; 0.041 V                             ; 0.53 V                              ; 4.29e-10 s                 ; 1.87e-10 s                 ; Yes                       ; No                        ;
; data[3] ; 3.3-V LVCMOS ; 0 s                 ; 0 s                 ; 3.63 V                       ; 0.000229 V                   ; 3.65 V              ; -0.319 V            ; 0.041 V                              ; 0.528 V                              ; 4.29e-10 s                  ; 1.87e-10 s                  ; Yes                        ; No                         ; 3.63 V                      ; 0.000229 V                  ; 3.65 V             ; -0.319 V           ; 0.041 V                             ; 0.528 V                             ; 4.29e-10 s                 ; 1.87e-10 s                 ; Yes                       ; No                        ;
; data[4] ; 3.3-V LVCMOS ; 0 s                 ; 0 s                 ; 3.63 V                       ; 0.000229 V                   ; 3.65 V              ; -0.316 V            ; 0.041 V                              ; 0.53 V                               ; 4.29e-10 s                  ; 1.87e-10 s                  ; Yes                        ; No                         ; 3.63 V                      ; 0.000229 V                  ; 3.65 V             ; -0.316 V           ; 0.041 V                             ; 0.53 V                              ; 4.29e-10 s                 ; 1.87e-10 s                 ; Yes                       ; No                        ;
; data[5] ; 3.3-V LVCMOS ; 0 s                 ; 0 s                 ; 3.63 V                       ; 0.000229 V                   ; 3.65 V              ; -0.319 V            ; 0.041 V                              ; 0.528 V                              ; 4.29e-10 s                  ; 1.87e-10 s                  ; Yes                        ; No                         ; 3.63 V                      ; 0.000229 V                  ; 3.65 V             ; -0.319 V           ; 0.041 V                             ; 0.528 V                             ; 4.29e-10 s                 ; 1.87e-10 s                 ; Yes                       ; No                        ;
; data[6] ; 3.3-V LVCMOS ; 0 s                 ; 0 s                 ; 3.63 V                       ; 0.000229 V                   ; 3.65 V              ; -0.316 V            ; 0.041 V                              ; 0.53 V                               ; 4.29e-10 s                  ; 1.87e-10 s                  ; Yes                        ; No                         ; 3.63 V                      ; 0.000229 V                  ; 3.65 V             ; -0.316 V           ; 0.041 V                             ; 0.53 V                              ; 4.29e-10 s                 ; 1.87e-10 s                 ; Yes                       ; No                        ;
; data[7] ; 3.3-V LVCMOS ; 0 s                 ; 0 s                 ; 3.63 V                       ; 0.000229 V                   ; 3.65 V              ; -0.316 V            ; 0.041 V                              ; 0.53 V                               ; 4.29e-10 s                  ; 1.87e-10 s                  ; Yes                        ; No                         ; 3.63 V                      ; 0.000229 V                  ; 3.65 V             ; -0.316 V           ; 0.041 V                             ; 0.53 V                              ; 4.29e-10 s                 ; 1.87e-10 s                 ; Yes                       ; No                        ;
+---------+--------------+---------------------+---------------------+------------------------------+------------------------------+---------------------+---------------------+--------------------------------------+--------------------------------------+-----------------------------+-----------------------------+----------------------------+----------------------------+-----------------------------+-----------------------------+--------------------+--------------------+-------------------------------------+-------------------------------------+----------------------------+----------------------------+---------------------------+---------------------------+


+-------------------------------------------------------------------+
; Setup Transfers                                                   ;
+------------+----------+----------+----------+----------+----------+
; From Clock ; To Clock ; RR Paths ; FR Paths ; RF Paths ; FF Paths ;
+------------+----------+----------+----------+----------+----------+
; usb_clk    ; usb_clk  ; 118      ; 0        ; 0        ; 0        ;
+------------+----------+----------+----------+----------+----------+
Entries labeled "false path" only account for clock-to-clock false paths and not path-based false paths. As a result, actual path counts may be lower than reported.


+-------------------------------------------------------------------+
; Hold Transfers                                                    ;
+------------+----------+----------+----------+----------+----------+
; From Clock ; To Clock ; RR Paths ; FR Paths ; RF Paths ; FF Paths ;
+------------+----------+----------+----------+----------+----------+
; usb_clk    ; usb_clk  ; 118      ; 0        ; 0        ; 0        ;
+------------+----------+----------+----------+----------+----------+
Entries labeled "false path" only account for clock-to-clock false paths and not path-based false paths. As a result, actual path counts may be lower than reported.


---------------
; Report TCCS ;
---------------
No dedicated SERDES Transmitter circuitry present in device or used in design


---------------
; Report RSKM ;
---------------
No non-DPA dedicated SERDES Receiver circuitry present in device or used in design


+------------------------------------------------+
; Unconstrained Paths Summary                    ;
+---------------------------------+-------+------+
; Property                        ; Setup ; Hold ;
+---------------------------------+-------+------+
; Illegal Clocks                  ; 0     ; 0    ;
; Unconstrained Clocks            ; 0     ; 0    ;
; Unconstrained Input Ports       ; 1     ; 1    ;
; Unconstrained Input Port Paths  ; 19    ; 19   ;
; Unconstrained Output Ports      ; 0     ; 0    ;
; Unconstrained Output Port Paths ; 0     ; 0    ;
+---------------------------------+-------+------+


+---------------------------------------+
; Clock Status Summary                  ;
+--------+---------+------+-------------+
; Target ; Clock   ; Type ; Status      ;
+--------+---------+------+-------------+
; clock  ; usb_clk ; Base ; Constrained ;
+--------+---------+------+-------------+


+---------------------------------------------------------------------------------------------------+
; Unconstrained Input Ports                                                                         ;
+------------+--------------------------------------------------------------------------------------+
; Input Port ; Comment                                                                              ;
+------------+--------------------------------------------------------------------------------------+
; rst_n      ; No input delay, min/max delays, false-path exceptions, or max skew assignments found ;
+------------+--------------------------------------------------------------------------------------+


+---------------------------------------------------------------------------------------------------+
; Unconstrained Input Ports                                                                         ;
+------------+--------------------------------------------------------------------------------------+
; Input Port ; Comment                                                                              ;
+------------+--------------------------------------------------------------------------------------+
; rst_n      ; No input delay, min/max delays, false-path exceptions, or max skew assignments found ;
+------------+--------------------------------------------------------------------------------------+


+------------------------------------+
; TimeQuest Timing Analyzer Messages ;
+------------------------------------+
Warning (125092): Tcl Script File ft232h_sync/tx_fifo.qip not found
    Info (125063): set_global_assignment -name QIP_FILE ft232h_sync/tx_fifo.qip
Warning (125092): Tcl Script File pll.qip not found
    Info (125063): set_global_assignment -name QIP_FILE pll.qip
Warning (125092): Tcl Script File pll.sip not found
    Info (125063): set_global_assignment -name SIP_FILE pll.sip
Info: *******************************************************************
Info: Running Quartus Prime TimeQuest Timing Analyzer
    Info: Version 15.1.0 Build 185 10/21/2015 SJ Standard Edition
    Info: Processing started: Fri Nov 25 23:31:05 2016
Info: Command: quartus_sta ft232h_simple -c ft232h_simple
Info: qsta_default_script.tcl version: #1
Info (20030): Parallel compilation is enabled and will use 8 of the 8 processors detected
Info (21077): Low junction temperature is 0 degrees C
Info (21077): High junction temperature is 85 degrees C
Info (334003): Started post-fitting delay annotation
Info (334004): Delay annotation completed successfully
Info (332104): Reading SDC File: 'ft232h_simple.out.sdc'
Warning (332174): Ignored filter at ft232h_simple.out.sdc(42): altera_reserved_tck could not be matched with a port File: H:/project/ft232h_simple/ft232h_simple.out.sdc Line: 42
Warning (332049): Ignored create_clock at ft232h_simple.out.sdc(42): Argument <targets> is an empty collection File: H:/project/ft232h_simple/ft232h_simple.out.sdc Line: 42
    Info (332050): create_clock -name {altera_reserved_tck} -period 33.333 -waveform { 0.000 16.666 } [get_ports {altera_reserved_tck}] File: H:/project/ft232h_simple/ft232h_simple.out.sdc Line: 42
Warning (332174): Ignored filter at ft232h_simple.out.sdc(43): pll_inst|pll_inst|altera_pll_i|outclk_wire[0] could not be matched with a net File: H:/project/ft232h_simple/ft232h_simple.out.sdc Line: 43
Warning (332049): Ignored create_clock at ft232h_simple.out.sdc(43): Argument <targets> is an empty collection File: H:/project/ft232h_simple/ft232h_simple.out.sdc Line: 43
    Info (332050): create_clock -name {sys_clk} -period 10.000 -waveform { 0.000 5.000 } [get_nets {pll_inst|pll_inst|altera_pll_i|outclk_wire[0]}] File: H:/project/ft232h_simple/ft232h_simple.out.sdc Line: 43
Warning (332174): Ignored filter at ft232h_simple.out.sdc(45): clk could not be matched with a port File: H:/project/ft232h_simple/ft232h_simple.out.sdc Line: 45
Warning (332049): Ignored create_clock at ft232h_simple.out.sdc(45): Argument <targets> is an empty collection File: H:/project/ft232h_simple/ft232h_simple.out.sdc Line: 45
    Info (332050): create_clock -name {input_clk} -period 20.000 -waveform { 0.000 10.000 } [get_ports {clk}] File: H:/project/ft232h_simple/ft232h_simple.out.sdc Line: 45
Warning (332174): Ignored filter at ft232h_simple.out.sdc(101): altera_reserved_tck could not be matched with a clock File: H:/project/ft232h_simple/ft232h_simple.out.sdc Line: 101
Warning (332049): Ignored set_clock_groups at ft232h_simple.out.sdc(101): Argument -group with value [get_clocks {altera_reserved_tck}] contains zero elements File: H:/project/ft232h_simple/ft232h_simple.out.sdc Line: 101
    Info (332050): set_clock_groups -asynchronous -group [get_clocks {altera_reserved_tck}] File: H:/project/ft232h_simple/ft232h_simple.out.sdc Line: 101
Warning (332174): Ignored filter at ft232h_simple.out.sdc(108): *rdptr_g* could not be matched with a keeper File: H:/project/ft232h_simple/ft232h_simple.out.sdc Line: 108
Warning (332174): Ignored filter at ft232h_simple.out.sdc(108): *ws_dgrp|dffpipe_re9:dffpipe19|dffe20a* could not be matched with a keeper File: H:/project/ft232h_simple/ft232h_simple.out.sdc Line: 108
Warning (332049): Ignored set_false_path at ft232h_simple.out.sdc(108): Argument <from> is an empty collection File: H:/project/ft232h_simple/ft232h_simple.out.sdc Line: 108
    Info (332050): set_false_path -from [get_keepers {*rdptr_g*}] -to [get_keepers {*ws_dgrp|dffpipe_re9:dffpipe19|dffe20a*}] File: H:/project/ft232h_simple/ft232h_simple.out.sdc Line: 108
Warning (332049): Ignored set_false_path at ft232h_simple.out.sdc(108): Argument <to> is an empty collection File: H:/project/ft232h_simple/ft232h_simple.out.sdc Line: 108
Warning (332174): Ignored filter at ft232h_simple.out.sdc(109): *delayed_wrptr_g* could not be matched with a keeper File: H:/project/ft232h_simple/ft232h_simple.out.sdc Line: 109
Warning (332174): Ignored filter at ft232h_simple.out.sdc(109): *rs_dgwp|dffpipe_qe9:dffpipe12|dffe13a* could not be matched with a keeper File: H:/project/ft232h_simple/ft232h_simple.out.sdc Line: 109
Warning (332049): Ignored set_false_path at ft232h_simple.out.sdc(109): Argument <from> is an empty collection File: H:/project/ft232h_simple/ft232h_simple.out.sdc Line: 109
    Info (332050): set_false_path -from [get_keepers {*delayed_wrptr_g*}] -to [get_keepers {*rs_dgwp|dffpipe_qe9:dffpipe12|dffe13a*}] File: H:/project/ft232h_simple/ft232h_simple.out.sdc Line: 109
Warning (332049): Ignored set_false_path at ft232h_simple.out.sdc(109): Argument <to> is an empty collection File: H:/project/ft232h_simple/ft232h_simple.out.sdc Line: 109
Warning (332174): Ignored filter at ft232h_simple.out.sdc(110): *ws_dgrp|dffpipe_te9:dffpipe11|dffe12a* could not be matched with a keeper File: H:/project/ft232h_simple/ft232h_simple.out.sdc Line: 110
Warning (332049): Ignored set_false_path at ft232h_simple.out.sdc(110): Argument <from> is an empty collection File: H:/project/ft232h_simple/ft232h_simple.out.sdc Line: 110
    Info (332050): set_false_path -from [get_keepers {*rdptr_g*}] -to [get_keepers {*ws_dgrp|dffpipe_te9:dffpipe11|dffe12a*}] File: H:/project/ft232h_simple/ft232h_simple.out.sdc Line: 110
Warning (332049): Ignored set_false_path at ft232h_simple.out.sdc(110): Argument <to> is an empty collection File: H:/project/ft232h_simple/ft232h_simple.out.sdc Line: 110
Info (332143): No user constrained clock uncertainty found in the design. Calling "derive_clock_uncertainty"
Info (332123): Deriving Clock Uncertainty. Please refer to report_sdc in TimeQuest to see clock uncertainties.
Info: Found TIMEQUEST_REPORT_SCRIPT_INCLUDE_DEFAULT_ANALYSIS = ON
Info: Analyzing Slow 1100mV 85C Model
Critical Warning (332148): Timing requirements not met
    Info (11105): For recommendations on closing timing, run Report Timing Closure Recommendations in the TimeQuest Timing Analyzer.
Info (332146): Worst-case setup slack is -8.251
    Info (332119):     Slack       End Point TNS Clock 
    Info (332119): ========= =================== =====================
    Info (332119):    -8.251             -73.015 usb_clk 
Info (332146): Worst-case hold slack is 0.494
    Info (332119):     Slack       End Point TNS Clock 
    Info (332119): ========= =================== =====================
    Info (332119):     0.494               0.000 usb_clk 
Info (332140): No Recovery paths to report
Info (332140): No Removal paths to report
Info (332146): Worst-case minimum pulse width slack is 5.244
    Info (332119):     Slack       End Point TNS Clock 
    Info (332119): ========= =================== =====================
    Info (332119):     5.244               0.000 usb_clk 
Info: Analyzing Slow 1100mV 0C Model
Info (334003): Started post-fitting delay annotation
Info (334004): Delay annotation completed successfully
Info (332123): Deriving Clock Uncertainty. Please refer to report_sdc in TimeQuest to see clock uncertainties.
Critical Warning (332148): Timing requirements not met
    Info (11105): For recommendations on closing timing, run Report Timing Closure Recommendations in the TimeQuest Timing Analyzer.
Info (332146): Worst-case setup slack is -7.986
    Info (332119):     Slack       End Point TNS Clock 
    Info (332119): ========= =================== =====================
    Info (332119):    -7.986             -71.176 usb_clk 
Info (332146): Worst-case hold slack is 0.520
    Info (332119):     Slack       End Point TNS Clock 
    Info (332119): ========= =================== =====================
    Info (332119):     0.520               0.000 usb_clk 
Info (332140): No Recovery paths to report
Info (332140): No Removal paths to report
Info (332146): Worst-case minimum pulse width slack is 5.310
    Info (332119):     Slack       End Point TNS Clock 
    Info (332119): ========= =================== =====================
    Info (332119):     5.310               0.000 usb_clk 
Info: Analyzing Fast 1100mV 85C Model
Info (334003): Started post-fitting delay annotation
Info (334004): Delay annotation completed successfully
Info (332123): Deriving Clock Uncertainty. Please refer to report_sdc in TimeQuest to see clock uncertainties.
Critical Warning (332148): Timing requirements not met
    Info (11105): For recommendations on closing timing, run Report Timing Closure Recommendations in the TimeQuest Timing Analyzer.
Info (332146): Worst-case setup slack is -1.159
    Info (332119):     Slack       End Point TNS Clock 
    Info (332119): ========= =================== =====================
    Info (332119):    -1.159              -9.759 usb_clk 
Info (332146): Worst-case hold slack is 0.191
    Info (332119):     Slack       End Point TNS Clock 
    Info (332119): ========= =================== =====================
    Info (332119):     0.191               0.000 usb_clk 
Info (332140): No Recovery paths to report
Info (332140): No Removal paths to report
Info (332146): Worst-case minimum pulse width slack is 5.187
    Info (332119):     Slack       End Point TNS Clock 
    Info (332119): ========= =================== =====================
    Info (332119):     5.187               0.000 usb_clk 
Info: Analyzing Fast 1100mV 0C Model
Info (334003): Started post-fitting delay annotation
Info (334004): Delay annotation completed successfully
Info (332123): Deriving Clock Uncertainty. Please refer to report_sdc in TimeQuest to see clock uncertainties.
Critical Warning (332148): Timing requirements not met
    Info (11105): For recommendations on closing timing, run Report Timing Closure Recommendations in the TimeQuest Timing Analyzer.
Info (332146): Worst-case setup slack is -0.836
    Info (332119):     Slack       End Point TNS Clock 
    Info (332119): ========= =================== =====================
    Info (332119):    -0.836              -7.090 usb_clk 
Info (332146): Worst-case hold slack is 0.181
    Info (332119):     Slack       End Point TNS Clock 
    Info (332119): ========= =================== =====================
    Info (332119):     0.181               0.000 usb_clk 
Info (332140): No Recovery paths to report
Info (332140): No Removal paths to report
Info (332146): Worst-case minimum pulse width slack is 5.156
    Info (332119):     Slack       End Point TNS Clock 
    Info (332119): ========= =================== =====================
    Info (332119):     5.156               0.000 usb_clk 
Info (332102): Design is not fully constrained for setup requirements
Info (332102): Design is not fully constrained for hold requirements
Info: Quartus Prime TimeQuest Timing Analyzer was successful. 0 errors, 26 warnings
    Info: Peak virtual memory: 1606 megabytes
    Info: Processing ended: Fri Nov 25 23:31:27 2016
    Info: Elapsed time: 00:00:22
    Info: Total CPU time (on all processors): 00:00:21


