Flow report for ft232h_fifo
Sun Nov 27 23:09:02 2016
Quartus Prime Version 15.1.0 Build 185 10/21/2015 SJ Standard Edition


---------------------
; Table of Contents ;
---------------------
  1. Legal Notice
  2. Flow Summary
  3. Flow Settings
  4. Flow Non-Default Global Settings
  5. Flow Elapsed Time
  6. Flow OS Summary
  7. Flow Log
  8. Flow Messages
  9. Flow Suppressed Messages



----------------
; Legal Notice ;
----------------
Copyright (C) 1991-2015 Altera Corporation. All rights reserved.
Your use of Altera Corporation's design tools, logic functions 
and other software and tools, and its AMPP partner logic 
functions, and any output files from any of the foregoing 
(including device programming or simulation files), and any 
associated documentation or information are expressly subject 
to the terms and conditions of the Altera Program License 
Subscription Agreement, the Altera Quartus Prime License Agreement,
the Altera MegaCore Function License Agreement, or other 
applicable license agreement, including, without limitation, 
that your use is for the sole purpose of programming logic 
devices manufactured by Altera and sold by Altera or its 
authorized distributors.  Please refer to the applicable 
agreement for further details.



+-----------------------------------------------------------------------------------+
; Flow Summary                                                                      ;
+---------------------------------+-------------------------------------------------+
; Flow Status                     ; Successful - Sun Nov 27 23:08:51 2016           ;
; Quartus Prime Version           ; 15.1.0 Build 185 10/21/2015 SJ Standard Edition ;
; Revision Name                   ; ft232h_fifo                                     ;
; Top-level Entity Name           ; ft232h_fifo                                     ;
; Family                          ; Cyclone V                                       ;
; Device                          ; 5CEFA2F23C8                                     ;
; Timing Models                   ; Final                                           ;
; Logic utilization (in ALMs)     ; 63 / 9,430 ( < 1 % )                            ;
; Total registers                 ; 154                                             ;
; Total pins                      ; 17 / 224 ( 8 % )                                ;
; Total virtual pins              ; 0                                               ;
; Total block memory bits         ; 65,536 / 1,802,240 ( 4 % )                      ;
; Total DSP Blocks                ; 0 / 25 ( 0 % )                                  ;
; Total HSSI RX PCSs              ; 0                                               ;
; Total HSSI PMA RX Deserializers ; 0                                               ;
; Total HSSI TX PCSs              ; 0                                               ;
; Total HSSI PMA TX Serializers   ; 0                                               ;
; Total PLLs                      ; 1 / 4 ( 25 % )                                  ;
; Total DLLs                      ; 0 / 4 ( 0 % )                                   ;
+---------------------------------+-------------------------------------------------+


+-----------------------------------------+
; Flow Settings                           ;
+-------------------+---------------------+
; Option            ; Setting             ;
+-------------------+---------------------+
; Start date & time ; 11/27/2016 23:07:48 ;
; Main task         ; Compilation         ;
; Revision Name     ; ft232h_fifo         ;
+-------------------+---------------------+


+------------------------------------------------------------------------------------------------------------------+
; Flow Non-Default Global Settings                                                                                 ;
+-------------------------------------+---------------------------------+---------------+-------------+------------+
; Assignment Name                     ; Value                           ; Default Value ; Entity Name ; Section Id ;
+-------------------------------------+---------------------------------+---------------+-------------+------------+
; COMPILER_SIGNATURE_ID               ; 268749059629106.148025926809956 ; --            ; --          ; --         ;
; MAX_CORE_JUNCTION_TEMP              ; 85                              ; --            ; --          ; --         ;
; MIN_CORE_JUNCTION_TEMP              ; 0                               ; --            ; --          ; --         ;
; MISC_FILE                           ; fifo_inst.v                     ; --            ; --          ; --         ;
; MISC_FILE                           ; fifo_bb.v                       ; --            ; --          ; --         ;
; MISC_FILE                           ; pll.cmp                         ; --            ; --          ; --         ;
; MISC_FILE                           ; pll_sim/pll.vo                  ; --            ; --          ; --         ;
; PARTITION_COLOR                     ; 16764057                        ; --            ; --          ; Top        ;
; PARTITION_FITTER_PRESERVATION_LEVEL ; PLACEMENT_AND_ROUTING           ; --            ; --          ; Top        ;
; PARTITION_NETLIST_TYPE              ; SOURCE                          ; --            ; --          ; Top        ;
; PROJECT_OUTPUT_DIRECTORY            ; output_files                    ; --            ; --          ; --         ;
; SPD_FILE                            ; pll.spd                         ; --            ; --          ; --         ;
; SYNTHESIS_ONLY_QIP                  ; On                              ; --            ; --          ; --         ;
+-------------------------------------+---------------------------------+---------------+-------------+------------+


+-------------------------------------------------------------------------------------------------------------------------------+
; Flow Elapsed Time                                                                                                             ;
+---------------------------+--------------+-------------------------+---------------------+------------------------------------+
; Module Name               ; Elapsed Time ; Average Processors Used ; Peak Virtual Memory ; Total CPU Time (on all processors) ;
+---------------------------+--------------+-------------------------+---------------------+------------------------------------+
; Analysis & Synthesis      ; 00:00:12     ; 1.0                     ; 939 MB              ; 00:00:30                           ;
; Fitter                    ; 00:00:36     ; 1.2                     ; 2831 MB             ; 00:01:33                           ;
; Assembler                 ; 00:00:07     ; 1.0                     ; 867 MB              ; 00:00:06                           ;
; TimeQuest Timing Analyzer ; 00:00:08     ; 1.0                     ; 1303 MB             ; 00:00:10                           ;
; Total                     ; 00:01:03     ; --                      ; --                  ; 00:02:19                           ;
+---------------------------+--------------+-------------------------+---------------------+------------------------------------+


+----------------------------------------------------------------------------------------+
; Flow OS Summary                                                                        ;
+---------------------------+------------------+-----------+------------+----------------+
; Module Name               ; Machine Hostname ; OS Name   ; OS Version ; Processor type ;
+---------------------------+------------------+-----------+------------+----------------+
; Analysis & Synthesis      ; xd-pc            ; Windows 8 ; 6.2        ; x86_64         ;
; Fitter                    ; xd-pc            ; Windows 8 ; 6.2        ; x86_64         ;
; Assembler                 ; xd-pc            ; Windows 8 ; 6.2        ; x86_64         ;
; TimeQuest Timing Analyzer ; xd-pc            ; Windows 8 ; 6.2        ; x86_64         ;
+---------------------------+------------------+-----------+------------+----------------+


------------
; Flow Log ;
------------
quartus_map --read_settings_files=on --write_settings_files=off ft232h_fifo -c ft232h_fifo
quartus_fit --read_settings_files=off --write_settings_files=off ft232h_fifo -c ft232h_fifo
quartus_asm --read_settings_files=off --write_settings_files=off ft232h_fifo -c ft232h_fifo
quartus_sta ft232h_fifo -c ft232h_fifo



